  GameFunctions.cpp
C:\Users\Hello\Desktop\TheUncarriables\TheUncarriables_Project\TheUncarriables_Project\GameFunctions.cpp(79,23): warning C4244: 'initializing': conversion from 'float' to 'int', possible loss of data
C:\Users\Hello\Desktop\TheUncarriables\TheUncarriables_Project\TheUncarriables_Project\GameFunctions.cpp(183,12): warning C4244: 'argument': conversion from 'time_t' to 'unsigned int', possible loss of data
C:\Users\Hello\Desktop\TheUncarriables\TheUncarriables_Project\TheUncarriables_Project\GameFunctions.cpp(350,24): warning C4244: '=': conversion from 'int' to 'float', possible loss of data
C:\Users\Hello\Desktop\TheUncarriables\TheUncarriables_Project\TheUncarriables_Project\GameFunctions.cpp(351,20): warning C4244: '=': conversion from 'int' to 'float', possible loss of data
C:\Users\Hello\Desktop\TheUncarriables\TheUncarriables_Project\TheUncarriables_Project\GameFunctions.cpp(352,25): warning C4244: '=': conversion from 'int' to 'float', possible loss of data
C:\Users\Hello\Desktop\TheUncarriables\TheUncarriables_Project\TheUncarriables_Project\GameFunctions.cpp(354,26): warning C4244: '=': conversion from 'int' to 'float', possible loss of data
C:\Users\Hello\Desktop\TheUncarriables\TheUncarriables_Project\TheUncarriables_Project\GameFunctions.cpp(355,28): warning C4244: '=': conversion from 'int' to 'float', possible loss of data
C:\Users\Hello\Desktop\TheUncarriables\TheUncarriables_Project\TheUncarriables_Project\GameFunctions.cpp(379,15): warning C4244: '=': conversion from 'float' to 'int', possible loss of data
C:\Users\Hello\Desktop\TheUncarriables\TheUncarriables_Project\TheUncarriables_Project\GameFunctions.cpp(391,15): warning C4244: '=': conversion from 'float' to 'int', possible loss of data
C:\Users\Hello\Desktop\TheUncarriables\TheUncarriables_Project\TheUncarriables_Project\GameFunctions.cpp(413,22): warning C4305: '-=': truncation from 'double' to 'float'
C:\Users\Hello\Desktop\TheUncarriables\TheUncarriables_Project\TheUncarriables_Project\GameFunctions.cpp(414,23): warning C4305: '-=': truncation from 'double' to 'float'
C:\Users\Hello\Desktop\TheUncarriables\TheUncarriables_Project\TheUncarriables_Project\GameFunctions.cpp(415,18): warning C4244: '=': conversion from 'float' to 'int', possible loss of data
C:\Users\Hello\Desktop\TheUncarriables\TheUncarriables_Project\TheUncarriables_Project\GameFunctions.cpp(416,13): warning C4244: '=': conversion from 'float' to 'int', possible loss of data
C:\Users\Hello\Desktop\TheUncarriables\TheUncarriables_Project\TheUncarriables_Project\GameFunctions.cpp(417,19): warning C4244: '=': conversion from 'float' to 'int', possible loss of data
C:\Users\Hello\Desktop\TheUncarriables\TheUncarriables_Project\TheUncarriables_Project\GameFunctions.cpp(464,20): warning C4244: '=': conversion from 'int' to 'float', possible loss of data
C:\Users\Hello\Desktop\TheUncarriables\TheUncarriables_Project\TheUncarriables_Project\GameFunctions.cpp(465,21): warning C4244: '=': conversion from 'int' to 'float', possible loss of data
C:\Users\Hello\Desktop\TheUncarriables\TheUncarriables_Project\TheUncarriables_Project\GameFunctions.cpp(466,14): warning C4244: '=': conversion from 'float' to 'int', possible loss of data
C:\Users\Hello\Desktop\TheUncarriables\TheUncarriables_Project\TheUncarriables_Project\GameFunctions.cpp(467,14): warning C4244: '=': conversion from 'float' to 'int', possible loss of data
C:\Users\Hello\Desktop\TheUncarriables\TheUncarriables_Project\TheUncarriables_Project\GameFunctions.cpp(468,22): warning C4244: '=': conversion from 'int' to 'float', possible loss of data
C:\Users\Hello\Desktop\TheUncarriables\TheUncarriables_Project\TheUncarriables_Project\GameFunctions.cpp(471,19): warning C4305: '-=': truncation from 'double' to 'float'
C:\Users\Hello\Desktop\TheUncarriables\TheUncarriables_Project\TheUncarriables_Project\GameFunctions.cpp(142): warning C4715: 'GameOver': not all control paths return a value
C:\Users\Hello\Desktop\TheUncarriables\TheUncarriables_Project\TheUncarriables_Project\GameFunctions.cpp(150): warning C4715: 'FindCollision': not all control paths return a value
  TheUncarriables_Project.vcxproj -> C:\Users\Hello\Desktop\TheUncarriables\TheUncarriables_Project\x64\Debug\TheUncarriables_Project.exe
